<!DOCTYPE html PUBLIC "-//W3C//DTD XHTML 1.1//EN" "http://www.w3.org/TR/xhtml11/DTD/xhtml11.dtd">
<html xmlns="http://www.w3.org/1999/xhtml">
<head>
    <meta http-equiv="content-type" content="text/html; charset=UTF-8"/>
    <title>TestNG Report</title>
    <style type="text/css">table {margin-bottom:10px;border-collapse:collapse;empty-cells:show}th,td {border:1px solid #009;padding:.25em .5em}th {vertical-align:bottom}td {vertical-align:top}table a {font-weight:bold}.stripe td {background-color: #E6EBF9}.num {text-align:right}.passedodd td {background-color: #3F3}.passedeven td {background-color: #0A0}.skippedodd td {background-color: #DDD}.skippedeven td {background-color: #CCC}.failedodd td,.attn {background-color: #F33}.failedeven td,.stripe .attn {background-color: #D00}.stacktrace {white-space:pre;font-family:monospace}.totop {font-size:85%;text-align:center;border-bottom:2px solid #000}.invisible {display:none}</style>
</head>
<body>
<table>
    <tr><th>Test</th><th># Passed</th><th># Skipped</th><th># Failed</th><th>Time (ms)</th><th>Included Groups</th><th>Excluded Groups</th></tr>
    <tr><th colspan="7">Default Suite</th></tr>
    <tr><td><a href="#t0">AutomationShoppingSite</a></td><td class="num">27</td><td class="num">0</td><td class="num attn">4</td><td class="num">369,514</td><td></td><td></td></tr>
</table>
<table id='summary'><thead><tr><th>Class</th><th>Method</th><th>Start</th><th>Time (ms)</th></tr></thead><tbody><tr><th colspan="4">Default Suite</th></tr></tbody><tbody id="t0"><tr><th colspan="4">AutomationShoppingSite &#8212; failed</th></tr><tr class="failedeven"><td rowspan="1">Tests.AddToCartTest</td><td><a href="#m0">testRemoveAllItems</a></td><td rowspan="1">1696610920202</td><td rowspan="1">4437</td></tr><tr class="failedodd"><td rowspan="3">Tests.WishlistTest</td><td><a href="#m1">testLoginWithSuccessAndAddItemToWishList</a></td><td rowspan="1">1696610778469</td><td rowspan="1">27203</td></tr><tr class="failedodd"><td><a href="#m2">testLoginWithSuccessAndItemNotAdded</a></td><td rowspan="1">1696610812044</td><td rowspan="1">10490</td></tr><tr class="failedodd"><td><a href="#m3">testLoginWithSuccessButWishIconIsMissing</a></td><td rowspan="1">1696610829523</td><td rowspan="1">7362</td></tr><tr><th colspan="4">AutomationShoppingSite &#8212; passed</th></tr><tr class="passedeven"><td rowspan="4">Tests.AddToCartTest</td><td><a href="#m4">testCheckoutWithErrors</a></td><td rowspan="1">1696610876243</td><td rowspan="1">6964</td></tr><tr class="passedeven"><td><a href="#m5">testDecreasingNoOfItems</a></td><td rowspan="1">1696610890148</td><td rowspan="1">4092</td></tr><tr class="passedeven"><td><a href="#m6">testIncreasingNoOfItems</a></td><td rowspan="1">1696610900376</td><td rowspan="1">4112</td></tr><tr class="passedeven"><td><a href="#m7">testProductIsVisibleInCart</a></td><td rowspan="1">1696610910761</td><td rowspan="1">1505</td></tr><tr class="passedodd"><td rowspan="9">Tests.LoginTest</td><td><a href="#m8">testIncompletePassword</a></td><td rowspan="1">1696610563921</td><td rowspan="1">1083</td></tr><tr class="passedodd"><td><a href="#m9">testInvalidPassword</a></td><td rowspan="1">1696610570904</td><td rowspan="1">2284</td></tr><tr class="passedodd"><td><a href="#m10">testInvalidUsername</a></td><td rowspan="1">1696610578347</td><td rowspan="1">2658</td></tr><tr class="passedodd"><td><a href="#m11">testLostPasswordWithInvalidEmail</a></td><td rowspan="1">1696610587516</td><td rowspan="1">8261</td></tr><tr class="passedodd"><td><a href="#m12">testLostPasswordWithValidEmail</a></td><td rowspan="1">1696610600538</td><td rowspan="1">9112</td></tr><tr class="passedodd"><td><a href="#m13">testMissingPassword</a></td><td rowspan="1">1696610614464</td><td rowspan="1">1051</td></tr><tr class="passedodd"><td><a href="#m14">testMissingUsername</a></td><td rowspan="1">1696610620680</td><td rowspan="1">872</td></tr><tr class="passedodd"><td><a href="#m15">testShowPassword</a></td><td rowspan="1">1696610626429</td><td rowspan="1">1052</td></tr><tr class="passedodd"><td><a href="#m16">testValidCredentials</a></td><td rowspan="1">1696610632749</td><td rowspan="1">4979</td></tr><tr class="passedeven"><td rowspan="8">Tests.RegisterTest</td><td><a href="#m17">testCreateAccount</a></td><td rowspan="1">1696610645768</td><td rowspan="1">29351</td></tr><tr class="passedeven"><td><a href="#m18">testCreateAnotherAccountWithSameEmail</a></td><td rowspan="1">1696610682995</td><td rowspan="1">2381</td></tr><tr class="passedeven"><td><a href="#m19">testInvalidEmail</a></td><td rowspan="1">1696610693156</td><td rowspan="1">2094</td></tr><tr class="passedeven"><td><a href="#m20">testInvalidUsername</a></td><td rowspan="1">1696610703241</td><td rowspan="1">7027</td></tr><tr class="passedeven"><td><a href="#m21">testMissingCredentials</a></td><td rowspan="1">1696610717913</td><td rowspan="1">2003</td></tr><tr class="passedeven"><td><a href="#m22">testMissingEmail</a></td><td rowspan="1">1696610727651</td><td rowspan="1">2136</td></tr><tr class="passedeven"><td><a href="#m23">testMissingUsername</a></td><td rowspan="1">1696610737434</td><td rowspan="1">6644</td></tr><tr class="passedeven"><td><a href="#m24">testUncheckTermsAndConditions</a></td><td rowspan="1">1696610751739</td><td rowspan="1">10145</td></tr><tr class="passedodd"><td rowspan="5">Tests.SearchTest</td><td><a href="#m25">testAutocompleteNoResultFound</a></td><td rowspan="1">1696610840738</td><td rowspan="1">1559</td></tr><tr class="passedodd"><td><a href="#m26">testAutocompleteNotTriggered</a></td><td rowspan="1">1696610846008</td><td rowspan="1">371</td></tr><tr class="passedodd"><td><a href="#m27">testAutocompleteResultFound</a></td><td rowspan="1">1696610850521</td><td rowspan="1">2132</td></tr><tr class="passedodd"><td><a href="#m28">testSubmitResultFound</a></td><td rowspan="1">1696610856281</td><td rowspan="1">5064</td></tr><tr class="passedodd"><td><a href="#m29">testSubmitResultNotFound</a></td><td rowspan="1">1696610865108</td><td rowspan="1">3917</td></tr><tr class="passedeven"><td rowspan="1">Tests.WishlistTest</td><td><a href="#m30">testAddItemWithoutLogin</a></td><td rowspan="1">1696610768387</td><td rowspan="1">3406</td></tr></tbody>
</table>
<h2>AutomationShoppingSite</h2><h3 id="m0">Tests.AddToCartTest#testRemoveAllItems</h3><table class="result"><tr><th>Exception</th></tr><tr><td><div class="stacktrace">org.junit.ComparisonFailure: expected:&lt;[0 produse în coș]&gt; but was:&lt;[]&gt;
    at org.junit.Assert.assertEquals(Assert.java:117)
    at org.junit.Assert.assertEquals(Assert.java:146)
    at Tests.AddToCartTest.testRemoveAllItems(AddToCartTest.java:53)
    at com.intellij.rt.testng.IDEARemoteTestNG.run(IDEARemoteTestNG.java:66)
    at com.intellij.rt.testng.RemoteTestNGStarter.main(RemoteTestNGStarter.java:105)
    ... Removed 22 stack frames</div></td></tr></table><p class="totop"><a href="#summary">back to summary</a></p>
<h3 id="m1">Tests.WishlistTest#testLoginWithSuccessAndAddItemToWishList</h3><table class="result"><tr class="param"><th>Parameter #1</th></tr><tr class="param stripe"><td>ObjectModels.LoginModel@30ed4034</td></tr><tr><th>Exception</th></tr><tr><td><div class="stacktrace">java.lang.AssertionError: Product has not been added
    at org.junit.Assert.fail(Assert.java:89)
    at org.junit.Assert.assertTrue(Assert.java:42)
    at Tests.WishlistTest.testLoginWithSuccessAndAddItemToWishList(WishlistTest.java:70)
    at com.intellij.rt.testng.IDEARemoteTestNG.run(IDEARemoteTestNG.java:66)
    at com.intellij.rt.testng.RemoteTestNGStarter.main(RemoteTestNGStarter.java:105)
    ... Removed 22 stack frames</div></td></tr></table><p class="totop"><a href="#summary">back to summary</a></p>
<h3 id="m2">Tests.WishlistTest#testLoginWithSuccessAndItemNotAdded</h3><table class="result"><tr class="param"><th>Parameter #1</th></tr><tr class="param stripe"><td>ObjectModels.LoginModel@7e451790</td></tr><tr><th>Exception</th></tr><tr><td><div class="stacktrace">java.lang.AssertionError: Product has not been added
    at org.junit.Assert.fail(Assert.java:89)
    at org.junit.Assert.assertTrue(Assert.java:42)
    at Tests.WishlistTest.testLoginWithSuccessAndItemNotAdded(WishlistTest.java:34)
    at com.intellij.rt.testng.IDEARemoteTestNG.run(IDEARemoteTestNG.java:66)
    at com.intellij.rt.testng.RemoteTestNGStarter.main(RemoteTestNGStarter.java:105)
    ... Removed 22 stack frames</div></td></tr></table><p class="totop"><a href="#summary">back to summary</a></p>
<h3 id="m3">Tests.WishlistTest#testLoginWithSuccessButWishIconIsMissing</h3><table class="result"><tr class="param"><th>Parameter #1</th></tr><tr class="param stripe"><td>ObjectModels.LoginModel@6cbb6c41</td></tr><tr><th>Exception</th></tr><tr><td><div class="stacktrace">java.lang.AssertionError: Product has not been added because add to wish list button is missing
    at org.junit.Assert.fail(Assert.java:89)
    at org.junit.Assert.assertTrue(Assert.java:42)
    at Tests.WishlistTest.testLoginWithSuccessButWishIconIsMissing(WishlistTest.java:48)
    at com.intellij.rt.testng.IDEARemoteTestNG.run(IDEARemoteTestNG.java:66)
    at com.intellij.rt.testng.RemoteTestNGStarter.main(RemoteTestNGStarter.java:105)
    ... Removed 22 stack frames</div></td></tr></table><p class="totop"><a href="#summary">back to summary</a></p>
<h3 id="m4">Tests.AddToCartTest#testCheckoutWithErrors</h3><table class="result"><tr><th class="invisible"/></tr></table><p class="totop"><a href="#summary">back to summary</a></p>
<h3 id="m5">Tests.AddToCartTest#testDecreasingNoOfItems</h3><table class="result"><tr><th class="invisible"/></tr></table><p class="totop"><a href="#summary">back to summary</a></p>
<h3 id="m6">Tests.AddToCartTest#testIncreasingNoOfItems</h3><table class="result"><tr><th class="invisible"/></tr></table><p class="totop"><a href="#summary">back to summary</a></p>
<h3 id="m7">Tests.AddToCartTest#testProductIsVisibleInCart</h3><table class="result"><tr><th class="invisible"/></tr></table><p class="totop"><a href="#summary">back to summary</a></p>
<h3 id="m8">Tests.LoginTest#testIncompletePassword</h3><table class="result"><tr><th class="invisible"/></tr></table><p class="totop"><a href="#summary">back to summary</a></p>
<h3 id="m9">Tests.LoginTest#testInvalidPassword</h3><table class="result"><tr><th class="invisible"/></tr></table><p class="totop"><a href="#summary">back to summary</a></p>
<h3 id="m10">Tests.LoginTest#testInvalidUsername</h3><table class="result"><tr><th class="invisible"/></tr></table><p class="totop"><a href="#summary">back to summary</a></p>
<h3 id="m11">Tests.LoginTest#testLostPasswordWithInvalidEmail</h3><table class="result"><tr><th class="invisible"/></tr></table><p class="totop"><a href="#summary">back to summary</a></p>
<h3 id="m12">Tests.LoginTest#testLostPasswordWithValidEmail</h3><table class="result"><tr><th class="invisible"/></tr></table><p class="totop"><a href="#summary">back to summary</a></p>
<h3 id="m13">Tests.LoginTest#testMissingPassword</h3><table class="result"><tr><th class="invisible"/></tr></table><p class="totop"><a href="#summary">back to summary</a></p>
<h3 id="m14">Tests.LoginTest#testMissingUsername</h3><table class="result"><tr><th class="invisible"/></tr></table><p class="totop"><a href="#summary">back to summary</a></p>
<h3 id="m15">Tests.LoginTest#testShowPassword</h3><table class="result"><tr><th class="invisible"/></tr></table><p class="totop"><a href="#summary">back to summary</a></p>
<h3 id="m16">Tests.LoginTest#testValidCredentials</h3><table class="result"><tr class="param"><th>Parameter #1</th></tr><tr class="param stripe"><td>ObjectModels.LoginModel@21dea711</td></tr></table><p class="totop"><a href="#summary">back to summary</a></p>
<h3 id="m17">Tests.RegisterTest#testCreateAccount</h3><table class="result"><tr><th class="invisible"/></tr></table><p class="totop"><a href="#summary">back to summary</a></p>
<h3 id="m18">Tests.RegisterTest#testCreateAnotherAccountWithSameEmail</h3><table class="result"><tr><th class="invisible"/></tr></table><p class="totop"><a href="#summary">back to summary</a></p>
<h3 id="m19">Tests.RegisterTest#testInvalidEmail</h3><table class="result"><tr><th class="invisible"/></tr></table><p class="totop"><a href="#summary">back to summary</a></p>
<h3 id="m20">Tests.RegisterTest#testInvalidUsername</h3><table class="result"><tr><th class="invisible"/></tr></table><p class="totop"><a href="#summary">back to summary</a></p>
<h3 id="m21">Tests.RegisterTest#testMissingCredentials</h3><table class="result"><tr><th class="invisible"/></tr></table><p class="totop"><a href="#summary">back to summary</a></p>
<h3 id="m22">Tests.RegisterTest#testMissingEmail</h3><table class="result"><tr><th class="invisible"/></tr></table><p class="totop"><a href="#summary">back to summary</a></p>
<h3 id="m23">Tests.RegisterTest#testMissingUsername</h3><table class="result"><tr><th class="invisible"/></tr></table><p class="totop"><a href="#summary">back to summary</a></p>
<h3 id="m24">Tests.RegisterTest#testUncheckTermsAndConditions</h3><table class="result"><tr><th class="invisible"/></tr></table><p class="totop"><a href="#summary">back to summary</a></p>
<h3 id="m25">Tests.SearchTest#testAutocompleteNoResultFound</h3><table class="result"><tr><th class="invisible"/></tr></table><p class="totop"><a href="#summary">back to summary</a></p>
<h3 id="m26">Tests.SearchTest#testAutocompleteNotTriggered</h3><table class="result"><tr><th class="invisible"/></tr></table><p class="totop"><a href="#summary">back to summary</a></p>
<h3 id="m27">Tests.SearchTest#testAutocompleteResultFound</h3><table class="result"><tr><th class="invisible"/></tr></table><p class="totop"><a href="#summary">back to summary</a></p>
<h3 id="m28">Tests.SearchTest#testSubmitResultFound</h3><table class="result"><tr><th class="invisible"/></tr></table><p class="totop"><a href="#summary">back to summary</a></p>
<h3 id="m29">Tests.SearchTest#testSubmitResultNotFound</h3><table class="result"><tr><th class="invisible"/></tr></table><p class="totop"><a href="#summary">back to summary</a></p>
<h3 id="m30">Tests.WishlistTest#testAddItemWithoutLogin</h3><table class="result"><tr><th class="invisible"/></tr></table><p class="totop"><a href="#summary">back to summary</a></p>
</body>
</html>