<!DOCTYPE html PUBLIC "-//W3C//DTD XHTML 1.1//EN" "http://www.w3.org/TR/xhtml11/DTD/xhtml11.dtd">
<html xmlns="http://www.w3.org/1999/xhtml">
<head>
<meta http-equiv="content-type" content="text/html; charset=UTF-8"/>
<title>TestNG Report</title>
<style type="text/css">table {margin-bottom:10px;border-collapse:collapse;empty-cells:show}th,td {border:1px solid #009;padding:.25em .5em}th {vertical-align:bottom}td {vertical-align:top}table a {font-weight:bold}.stripe td {background-color: #E6EBF9}.num {text-align:right}.passedodd td {background-color: #3F3}.passedeven td {background-color: #0A0}.skippedodd td {background-color: #DDD}.skippedeven td {background-color: #CCC}.failedodd td,.attn {background-color: #F33}.failedeven td,.stripe .attn {background-color: #D00}.stacktrace {white-space:pre;font-family:monospace}.totop {font-size:85%;text-align:center;border-bottom:2px solid #000}.invisible {display:none}</style>
</head>
<body>
<table>
<tr><th>Test</th><th># Passed</th><th># Skipped</th><th># Failed</th><th>Time (ms)</th><th>Included Groups</th><th>Excluded Groups</th></tr>
<tr><th colspan="7">Smoke Suite</th></tr>
<tr><td><a href="#t0">AutomationShoppingSite</a></td><td class="num">6</td><td class="num">0</td><td class="num attn">3</td><td class="num">121,789</td><td></td><td></td></tr>
</table>
<table id='summary'><thead><tr><th>Class</th><th>Method</th><th>Start</th><th>Time (ms)</th></tr></thead><tbody><tr><th colspan="4">Smoke Suite</th></tr></tbody><tbody id="t0"><tr><th colspan="4">AutomationShoppingSite &#8212; failed</th></tr><tr class="failedeven"><td rowspan="3">Tests.WishlistTest</td><td><a href="#m0">testLoginWithSuccessAndAddItemToWishList</a></td><td rowspan="1">1696616228395</td><td rowspan="1">13007</td></tr><tr class="failedeven"><td><a href="#m1">testLoginWithSuccessAndItemNotAdded</a></td><td rowspan="1">1696616203341</td><td rowspan="1">9263</td></tr><tr class="failedeven"><td><a href="#m2">testLoginWithSuccessButWishIconIsMissing</a></td><td rowspan="1">1696616217582</td><td rowspan="1">5924</td></tr><tr><th colspan="4">AutomationShoppingSite &#8212; passed</th></tr><tr class="passedeven"><td rowspan="2">Tests.AddToCartTest</td><td><a href="#m3">testDecreasingNoOfItems</a></td><td rowspan="1">1696616267315</td><td rowspan="1">4368</td></tr><tr class="passedeven"><td><a href="#m4">testIncreasingNoOfItems</a></td><td rowspan="1">1696616258046</td><td rowspan="1">4385</td></tr><tr class="passedodd"><td rowspan="1">Tests.LoginTest</td><td><a href="#m5">testValidCredentials</a></td><td rowspan="1">1696616157130</td><td rowspan="1">5113</td></tr><tr class="passedeven"><td rowspan="1">Tests.RegisterTest</td><td><a href="#m6">testCreateAccount</a></td><td rowspan="1">1696616169162</td><td rowspan="1">29160</td></tr><tr class="passedodd"><td rowspan="2">Tests.SearchTest</td><td><a href="#m7">testAutocompleteResultFound</a></td><td rowspan="1">1696616244327</td><td rowspan="1">1946</td></tr><tr class="passedodd"><td><a href="#m8">testSubmitResultFound</a></td><td rowspan="1">1696616249199</td><td rowspan="1">4028</td></tr></tbody>
</table>
<h2>AutomationShoppingSite</h2><h3 id="m0">Tests.WishlistTest#testLoginWithSuccessAndAddItemToWishList</h3><table class="result"><tr class="param"><th>Parameter #1</th></tr><tr class="param stripe"><td>ObjectModels.LoginModel@7889b4b9</td></tr><tr><th>Exception</th></tr><tr><td><div class="stacktrace">java.lang.AssertionError: Product has not been added
	at org.junit.Assert.fail(Assert.java:89)
	at org.junit.Assert.assertTrue(Assert.java:42)
	at Tests.WishlistTest.testLoginWithSuccessAndAddItemToWishList(WishlistTest.java:70)
	at com.intellij.rt.testng.IDEARemoteTestNG.run(IDEARemoteTestNG.java:66)
	at com.intellij.rt.testng.RemoteTestNGStarter.main(RemoteTestNGStarter.java:105)
... Removed 22 stack frames</div></td></tr></table><p class="totop"><a href="#summary">back to summary</a></p>
<h3 id="m1">Tests.WishlistTest#testLoginWithSuccessAndItemNotAdded</h3><table class="result"><tr class="param"><th>Parameter #1</th></tr><tr class="param stripe"><td>ObjectModels.LoginModel@62765aec</td></tr><tr><th>Exception</th></tr><tr><td><div class="stacktrace">java.lang.AssertionError: Product has not been added
	at org.junit.Assert.fail(Assert.java:89)
	at org.junit.Assert.assertTrue(Assert.java:42)
	at Tests.WishlistTest.testLoginWithSuccessAndItemNotAdded(WishlistTest.java:34)
	at com.intellij.rt.testng.IDEARemoteTestNG.run(IDEARemoteTestNG.java:66)
	at com.intellij.rt.testng.RemoteTestNGStarter.main(RemoteTestNGStarter.java:105)
... Removed 22 stack frames</div></td></tr></table><p class="totop"><a href="#summary">back to summary</a></p>
<h3 id="m2">Tests.WishlistTest#testLoginWithSuccessButWishIconIsMissing</h3><table class="result"><tr class="param"><th>Parameter #1</th></tr><tr class="param stripe"><td>ObjectModels.LoginModel@316cda31</td></tr><tr><th>Exception</th></tr><tr><td><div class="stacktrace">java.lang.AssertionError: Product has not been added because add to wish list button is missing
	at org.junit.Assert.fail(Assert.java:89)
	at org.junit.Assert.assertTrue(Assert.java:42)
	at Tests.WishlistTest.testLoginWithSuccessButWishIconIsMissing(WishlistTest.java:48)
	at com.intellij.rt.testng.IDEARemoteTestNG.run(IDEARemoteTestNG.java:66)
	at com.intellij.rt.testng.RemoteTestNGStarter.main(RemoteTestNGStarter.java:105)
... Removed 22 stack frames</div></td></tr></table><p class="totop"><a href="#summary">back to summary</a></p>
<h3 id="m3">Tests.AddToCartTest#testDecreasingNoOfItems</h3><table class="result"><tr><th class="invisible"/></tr></table><p class="totop"><a href="#summary">back to summary</a></p>
<h3 id="m4">Tests.AddToCartTest#testIncreasingNoOfItems</h3><table class="result"><tr><th class="invisible"/></tr></table><p class="totop"><a href="#summary">back to summary</a></p>
<h3 id="m5">Tests.LoginTest#testValidCredentials</h3><table class="result"><tr class="param"><th>Parameter #1</th></tr><tr class="param stripe"><td>ObjectModels.LoginModel@4832f03b</td></tr></table><p class="totop"><a href="#summary">back to summary</a></p>
<h3 id="m6">Tests.RegisterTest#testCreateAccount</h3><table class="result"><tr><th class="invisible"/></tr></table><p class="totop"><a href="#summary">back to summary</a></p>
<h3 id="m7">Tests.SearchTest#testAutocompleteResultFound</h3><table class="result"><tr><th class="invisible"/></tr></table><p class="totop"><a href="#summary">back to summary</a></p>
<h3 id="m8">Tests.SearchTest#testSubmitResultFound</h3><table class="result"><tr><th class="invisible"/></tr></table><p class="totop"><a href="#summary">back to summary</a></p>
</body>
</html>
